{"/home/datsfilipe/www/s/github.com/datsfilipe/sudoku/src/App.tsx": {"path":"/home/datsfilipe/www/s/github.com/datsfilipe/sudoku/src/App.tsx","statementMap":{"0":{"start":{"line":54,"column":0},"end":{"line":54,"column":15}},"1":{"start":{"line":1,"column":44},"end":{"line":1,"column":null}},"2":{"start":{"line":2,"column":36},"end":{"line":2,"column":null}},"3":{"start":{"line":3,"column":28},"end":{"line":3,"column":null}},"4":{"start":{"line":4,"column":30},"end":{"line":4,"column":null}},"5":{"start":{"line":5,"column":7},"end":{"line":5,"column":null}},"6":{"start":{"line":8,"column":24},"end":{"line":8,"column":null}},"7":{"start":{"line":9,"column":28},"end":{"line":9,"column":null}},"8":{"start":{"line":11,"column":2},"end":{"line":19,"column":null}},"9":{"start":{"line":12,"column":4},"end":{"line":17,"column":null}},"10":{"start":{"line":14,"column":25},"end":{"line":14,"column":null}},"11":{"start":{"line":15,"column":8},"end":{"line":15,"column":null}},"12":{"start":{"line":16,"column":8},"end":{"line":16,"column":null}},"13":{"start":{"line":22,"column":2},"end":{"line":24,"column":3}},"14":{"start":{"line":23,"column":4},"end":{"line":23,"column":null}},"15":{"start":{"line":30,"column":10},"end":{"line":30,"column":null}},"16":{"start":{"line":32,"column":14},"end":{"line":32,"column":null}},"17":{"start":{"line":40,"column":37},"end":{"line":40,"column":null}},"18":{"start":{"line":41,"column":20},"end":{"line":41,"column":null}},"19":{"start":{"line":42,"column":20},"end":{"line":42,"column":null}},"20":{"start":{"line":54,"column":15},"end":{"line":54,"column":null}}},"fnMap":{"0":{"name":"App","decl":{"start":{"line":7,"column":9},"end":{"line":7,"column":15}},"loc":{"start":{"line":7,"column":15},"end":{"line":52,"column":null}}},"1":{"name":"(anonymous_2)","decl":{"start":{"line":11,"column":12},"end":{"line":11,"column":18}},"loc":{"start":{"line":11,"column":18},"end":{"line":19,"column":5}}},"2":{"name":"(anonymous_3)","decl":{"start":{"line":13,"column":6},"end":{"line":13,"column":12}},"loc":{"start":{"line":13,"column":12},"end":{"line":17,"column":null}}},"3":{"name":"(anonymous_4)","decl":{"start":{"line":29,"column":19},"end":{"line":29,"column":20}},"loc":{"start":{"line":30,"column":10},"end":{"line":30,"column":null}}},"4":{"name":"(anonymous_5)","decl":{"start":{"line":31,"column":24},"end":{"line":31,"column":25}},"loc":{"start":{"line":32,"column":14},"end":{"line":32,"column":null}}},"5":{"name":"(anonymous_6)","decl":{"start":{"line":39,"column":28},"end":{"line":39,"column":29}},"loc":{"start":{"line":39,"column":35},"end":{"line":43,"column":null}}}},"branchMap":{"0":{"loc":{"start":{"line":22,"column":2},"end":{"line":24,"column":3}},"type":"if","locations":[{"start":{"line":22,"column":2},"end":{"line":24,"column":3}}]},"1":{"loc":{"start":{"line":38,"column":25},"end":{"line":38,"column":45}},"type":"cond-expr","locations":[{"start":{"line":38,"column":37},"end":{"line":38,"column":42}},{"start":{"line":38,"column":42},"end":{"line":38,"column":45}}]}},"s":{"0":1,"1":1,"2":1,"3":1,"4":1,"5":1,"6":2,"7":2,"8":2,"9":1,"10":1,"11":1,"12":1,"13":2,"14":0,"15":9,"16":81,"17":0,"18":0,"19":0,"20":1},"f":{"0":2,"1":1,"2":1,"3":9,"4":81,"5":0},"b":{"0":[0],"1":[40,41]}}
,"/home/datsfilipe/www/s/github.com/datsfilipe/sudoku/src/utils/checkSolved.ts": {"path":"/home/datsfilipe/www/s/github.com/datsfilipe/sudoku/src/utils/checkSolved.ts","statementMap":{"0":{"start":{"line":1,"column":16},"end":{"line":1,"column":28}},"1":{"start":{"line":2,"column":2},"end":{"line":4,"column":3}},"2":{"start":{"line":3,"column":4},"end":{"line":3,"column":null}},"3":{"start":{"line":6,"column":2},"end":{"line":12,"column":null}},"4":{"start":{"line":6,"column":15},"end":{"line":6,"column":18}},"5":{"start":{"line":7,"column":4},"end":{"line":11,"column":null}},"6":{"start":{"line":7,"column":17},"end":{"line":7,"column":20}},"7":{"start":{"line":8,"column":6},"end":{"line":10,"column":7}},"8":{"start":{"line":9,"column":8},"end":{"line":9,"column":null}},"9":{"start":{"line":13,"column":2},"end":{"line":13,"column":null}}},"fnMap":{"0":{"name":"checkSolved","decl":{"start":{"line":1,"column":16},"end":{"line":1,"column":28}},"loc":{"start":{"line":1,"column":73},"end":{"line":14,"column":null}}}},"branchMap":{"0":{"loc":{"start":{"line":2,"column":2},"end":{"line":4,"column":3}},"type":"if","locations":[{"start":{"line":2,"column":2},"end":{"line":4,"column":3}}]},"1":{"loc":{"start":{"line":2,"column":6},"end":{"line":2,"column":56}},"type":"binary-expr","locations":[{"start":{"line":2,"column":6},"end":{"line":2,"column":28}},{"start":{"line":2,"column":28},"end":{"line":2,"column":56}}]},"2":{"loc":{"start":{"line":8,"column":6},"end":{"line":10,"column":7}},"type":"if","locations":[{"start":{"line":8,"column":6},"end":{"line":10,"column":7}}]}},"s":{"0":4,"1":4,"2":1,"3":3,"4":3,"5":11,"6":11,"7":85,"8":2,"9":1},"f":{"0":4},"b":{"0":[1],"1":[4,3],"2":[2]}}
,"/home/datsfilipe/www/s/github.com/datsfilipe/sudoku/src/utils/fillBoard.ts": {"path":"/home/datsfilipe/www/s/github.com/datsfilipe/sudoku/src/utils/fillBoard.ts","statementMap":{"0":{"start":{"line":4,"column":16},"end":{"line":4,"column":26}},"1":{"start":{"line":1,"column":24},"end":{"line":1,"column":null}},"2":{"start":{"line":2,"column":24},"end":{"line":2,"column":null}},"3":{"start":{"line":5,"column":2},"end":{"line":7,"column":3}},"4":{"start":{"line":6,"column":4},"end":{"line":6,"column":null}},"5":{"start":{"line":9,"column":16},"end":{"line":9,"column":null}},"6":{"start":{"line":10,"column":16},"end":{"line":10,"column":null}},"7":{"start":{"line":11,"column":2},"end":{"line":14,"column":3}},"8":{"start":{"line":12,"column":4},"end":{"line":12,"column":null}},"9":{"start":{"line":13,"column":4},"end":{"line":13,"column":null}},"10":{"start":{"line":16,"column":18},"end":{"line":16,"column":null}},"11":{"start":{"line":17,"column":2},"end":{"line":24,"column":null}},"12":{"start":{"line":18,"column":4},"end":{"line":23,"column":5}},"13":{"start":{"line":19,"column":6},"end":{"line":19,"column":null}},"14":{"start":{"line":20,"column":6},"end":{"line":22,"column":7}},"15":{"start":{"line":21,"column":8},"end":{"line":21,"column":null}},"16":{"start":{"line":26,"column":2},"end":{"line":26,"column":null}},"17":{"start":{"line":27,"column":2},"end":{"line":27,"column":null}}},"fnMap":{"0":{"name":"fillBoard","decl":{"start":{"line":4,"column":16},"end":{"line":4,"column":26}},"loc":{"start":{"line":4,"column":75},"end":{"line":28,"column":null}}}},"branchMap":{"0":{"loc":{"start":{"line":5,"column":2},"end":{"line":7,"column":3}},"type":"if","locations":[{"start":{"line":5,"column":2},"end":{"line":7,"column":3}}]},"1":{"loc":{"start":{"line":11,"column":2},"end":{"line":14,"column":3}},"type":"if","locations":[{"start":{"line":11,"column":2},"end":{"line":14,"column":3}}]},"2":{"loc":{"start":{"line":18,"column":4},"end":{"line":23,"column":5}},"type":"if","locations":[{"start":{"line":18,"column":4},"end":{"line":23,"column":5}}]},"3":{"loc":{"start":{"line":20,"column":6},"end":{"line":22,"column":7}},"type":"if","locations":[{"start":{"line":20,"column":6},"end":{"line":22,"column":7}}]}},"s":{"0":88,"1":2,"2":2,"3":48149,"4":34,"5":48115,"6":48115,"7":48115,"8":3261,"9":3261,"10":48115,"11":48115,"12":426656,"13":48061,"14":48061,"15":1400,"16":46715,"17":46715},"f":{"0":48149},"b":{"0":[34],"1":[3261],"2":[48061],"3":[1400]}}
,"/home/datsfilipe/www/s/github.com/datsfilipe/sudoku/src/utils/generateBoard.ts": {"path":"/home/datsfilipe/www/s/github.com/datsfilipe/sudoku/src/utils/generateBoard.ts","statementMap":{"0":{"start":{"line":3,"column":16},"end":{"line":3,"column":45}},"1":{"start":{"line":1,"column":26},"end":{"line":1,"column":null}},"2":{"start":{"line":4,"column":23},"end":{"line":4,"column":25}},"3":{"start":{"line":6,"column":2},"end":{"line":11,"column":null}},"4":{"start":{"line":6,"column":15},"end":{"line":6,"column":18}},"5":{"start":{"line":7,"column":4},"end":{"line":7,"column":null}},"6":{"start":{"line":8,"column":4},"end":{"line":10,"column":null}},"7":{"start":{"line":8,"column":17},"end":{"line":8,"column":20}},"8":{"start":{"line":9,"column":6},"end":{"line":9,"column":null}},"9":{"start":{"line":13,"column":2},"end":{"line":13,"column":null}},"10":{"start":{"line":15,"column":2},"end":{"line":15,"column":null}}},"fnMap":{"0":{"name":"generateSudokuBoard","decl":{"start":{"line":3,"column":16},"end":{"line":3,"column":45}},"loc":{"start":{"line":3,"column":45},"end":{"line":16,"column":null}}}},"branchMap":{},"s":{"0":7,"1":2,"2":7,"3":7,"4":7,"5":63,"6":63,"7":63,"8":567,"9":7,"10":7},"f":{"0":7},"b":{}}
,"/home/datsfilipe/www/s/github.com/datsfilipe/sudoku/src/utils/isValid.ts": {"path":"/home/datsfilipe/www/s/github.com/datsfilipe/sudoku/src/utils/isValid.ts","statementMap":{"0":{"start":{"line":1,"column":16},"end":{"line":1,"column":24}},"1":{"start":{"line":2,"column":2},"end":{"line":6,"column":null}},"2":{"start":{"line":2,"column":15},"end":{"line":2,"column":18}},"3":{"start":{"line":3,"column":4},"end":{"line":5,"column":5}},"4":{"start":{"line":4,"column":6},"end":{"line":4,"column":null}},"5":{"start":{"line":8,"column":2},"end":{"line":12,"column":null}},"6":{"start":{"line":8,"column":15},"end":{"line":8,"column":18}},"7":{"start":{"line":9,"column":4},"end":{"line":11,"column":5}},"8":{"start":{"line":10,"column":6},"end":{"line":10,"column":null}},"9":{"start":{"line":14,"column":19},"end":{"line":14,"column":null}},"10":{"start":{"line":15,"column":19},"end":{"line":15,"column":null}},"11":{"start":{"line":16,"column":2},"end":{"line":22,"column":null}},"12":{"start":{"line":16,"column":15},"end":{"line":16,"column":25}},"13":{"start":{"line":17,"column":4},"end":{"line":21,"column":null}},"14":{"start":{"line":17,"column":17},"end":{"line":17,"column":27}},"15":{"start":{"line":18,"column":6},"end":{"line":20,"column":7}},"16":{"start":{"line":19,"column":8},"end":{"line":19,"column":null}},"17":{"start":{"line":24,"column":2},"end":{"line":24,"column":null}}},"fnMap":{"0":{"name":"isValid","decl":{"start":{"line":1,"column":16},"end":{"line":1,"column":24}},"loc":{"start":{"line":1,"column":86},"end":{"line":25,"column":null}}}},"branchMap":{"0":{"loc":{"start":{"line":3,"column":4},"end":{"line":5,"column":5}},"type":"if","locations":[{"start":{"line":3,"column":4},"end":{"line":5,"column":5}}]},"1":{"loc":{"start":{"line":9,"column":4},"end":{"line":11,"column":5}},"type":"if","locations":[{"start":{"line":9,"column":4},"end":{"line":11,"column":5}}]},"2":{"loc":{"start":{"line":18,"column":6},"end":{"line":20,"column":7}},"type":"if","locations":[{"start":{"line":18,"column":6},"end":{"line":20,"column":7}}]}},"s":{"0":426658,"1":426658,"2":426658,"3":2496827,"4":249160,"5":177498,"6":177498,"7":1242701,"8":107331,"9":70167,"10":70167,"11":70167,"12":70167,"13":189036,"14":189036,"15":546764,"16":22105,"17":48062},"f":{"0":426658},"b":{"0":[249160],"1":[107331],"2":[22105]}}
,"/home/datsfilipe/www/s/github.com/datsfilipe/sudoku/src/utils/nullifyValues.ts": {"path":"/home/datsfilipe/www/s/github.com/datsfilipe/sudoku/src/utils/nullifyValues.ts","statementMap":{"0":{"start":{"line":1,"column":13},"end":{"line":1,"column":29}},"1":{"start":{"line":1,"column":29},"end":{"line":12,"column":null}},"2":{"start":{"line":2,"column":25},"end":{"line":2,"column":null}},"3":{"start":{"line":3,"column":23},"end":{"line":3,"column":null}},"4":{"start":{"line":4,"column":2},"end":{"line":11,"column":null}},"5":{"start":{"line":5,"column":16},"end":{"line":5,"column":null}},"6":{"start":{"line":6,"column":16},"end":{"line":6,"column":null}},"7":{"start":{"line":7,"column":4},"end":{"line":10,"column":5}},"8":{"start":{"line":8,"column":6},"end":{"line":8,"column":null}},"9":{"start":{"line":9,"column":6},"end":{"line":9,"column":null}}},"fnMap":{"0":{"name":"(anonymous_1)","decl":{"start":{"line":1,"column":29},"end":{"line":1,"column":30}},"loc":{"start":{"line":1,"column":47},"end":{"line":12,"column":null}}}},"branchMap":{"0":{"loc":{"start":{"line":7,"column":4},"end":{"line":10,"column":5}},"type":"if","locations":[{"start":{"line":7,"column":4},"end":{"line":10,"column":5}}]}},"s":{"0":2,"1":2,"2":2,"3":2,"4":2,"5":126,"6":126,"7":126,"8":80,"9":80},"f":{"0":2},"b":{"0":[80]}}
,"/home/datsfilipe/www/s/github.com/datsfilipe/sudoku/src/utils/shuffle.ts": {"path":"/home/datsfilipe/www/s/github.com/datsfilipe/sudoku/src/utils/shuffle.ts","statementMap":{"0":{"start":{"line":1,"column":16},"end":{"line":1,"column":24}},"1":{"start":{"line":2,"column":2},"end":{"line":5,"column":null}},"2":{"start":{"line":2,"column":15},"end":{"line":2,"column":33}},"3":{"start":{"line":3,"column":14},"end":{"line":3,"column":null}},"4":{"start":{"line":4,"column":4},"end":{"line":4,"column":null}},"5":{"start":{"line":6,"column":2},"end":{"line":6,"column":null}}},"fnMap":{"0":{"name":"shuffle","decl":{"start":{"line":1,"column":16},"end":{"line":1,"column":24}},"loc":{"start":{"line":1,"column":51},"end":{"line":7,"column":null}}}},"branchMap":{},"s":{"0":48116,"1":48116,"2":48116,"3":384924,"4":384924,"5":48116},"f":{"0":48116},"b":{}}
}
