{"/home/datsfilipe/www/s/github.com/datsfilipe/sudoku/src/App.tsx": {"path":"/home/datsfilipe/www/s/github.com/datsfilipe/sudoku/src/App.tsx","statementMap":{"0":{"start":{"line":1,"column":0},"end":{"line":1,"column":51}},"1":{"start":{"line":2,"column":0},"end":{"line":2,"column":59}},"2":{"start":{"line":3,"column":0},"end":{"line":3,"column":49}},"3":{"start":{"line":4,"column":0},"end":{"line":4,"column":53}},"4":{"start":{"line":5,"column":0},"end":{"line":5,"column":18}},"5":{"start":{"line":8,"column":24},"end":{"line":8,"column":60}},"6":{"start":{"line":9,"column":28},"end":{"line":9,"column":47}},"7":{"start":{"line":11,"column":2},"end":{"line":19,"column":22}},"8":{"start":{"line":12,"column":4},"end":{"line":18,"column":6}},"9":{"start":{"line":14,"column":25},"end":{"line":14,"column":83}},"10":{"start":{"line":15,"column":8},"end":{"line":15,"column":32}},"11":{"start":{"line":16,"column":8},"end":{"line":16,"column":24}},"12":{"start":{"line":22,"column":2},"end":{"line":24,"column":null}},"13":{"start":{"line":23,"column":4},"end":{"line":23,"column":36}},"14":{"start":{"line":26,"column":2},"end":{"line":51,"column":null}},"15":{"start":{"line":30,"column":10},"end":{"line":30,"column":null}},"16":{"start":{"line":32,"column":14},"end":{"line":32,"column":null}},"17":{"start":{"line":40,"column":37},"end":{"line":40,"column":70}},"18":{"start":{"line":41,"column":20},"end":{"line":41,"column":62}},"19":{"start":{"line":42,"column":20},"end":{"line":42,"column":39}},"20":{"start":{"line":54,"column":0},"end":{"line":54,"column":null}}},"fnMap":{"0":{"name":"App","decl":{"start":{"line":7,"column":9},"end":{"line":7,"column":12}},"loc":{"start":{"line":7,"column":12},"end":{"line":52,"column":1}}},"1":{"name":"(anonymous_1)","decl":{"start":{"line":11,"column":12},"end":{"line":11,"column":15}},"loc":{"start":{"line":11,"column":17},"end":{"line":19,"column":3}}},"2":{"name":"(anonymous_2)","decl":{"start":{"line":13,"column":6},"end":{"line":13,"column":9}},"loc":{"start":{"line":13,"column":11},"end":{"line":17,"column":7}}},"3":{"name":"(anonymous_3)","decl":{"start":{"line":29,"column":19},"end":{"line":29,"column":20}},"loc":{"start":{"line":30,"column":10},"end":{"line":30,"column":null}}},"4":{"name":"(anonymous_4)","decl":{"start":{"line":31,"column":24},"end":{"line":31,"column":25}},"loc":{"start":{"line":32,"column":14},"end":{"line":32,"column":null}}},"5":{"name":"(anonymous_5)","decl":{"start":{"line":39,"column":28},"end":{"line":39,"column":29}},"loc":{"start":{"line":39,"column":34},"end":{"line":43,"column":19}}}},"branchMap":{"0":{"loc":{"start":{"line":22,"column":2},"end":{"line":24,"column":null}},"type":"if","locations":[{"start":{"line":22,"column":2},"end":{"line":24,"column":null}}]},"1":{"loc":{"start":{"line":38,"column":25},"end":{"line":38,"column":45}},"type":"cond-expr","locations":[{"start":{"line":38,"column":37},"end":{"line":38,"column":39}},{"start":{"line":38,"column":42},"end":{"line":38,"column":45}}]}},"s":{"0":1,"1":1,"2":1,"3":1,"4":1,"5":2,"6":2,"7":2,"8":1,"9":1,"10":1,"11":1,"12":2,"13":0,"14":2,"15":9,"16":81,"17":0,"18":0,"19":0,"20":1},"f":{"0":2,"1":1,"2":1,"3":9,"4":81,"5":0},"b":{"0":[0],"1":[40,41]}}
,"/home/datsfilipe/www/s/github.com/datsfilipe/sudoku/src/utils/checkSolved.ts": {"path":"/home/datsfilipe/www/s/github.com/datsfilipe/sudoku/src/utils/checkSolved.ts","statementMap":{"0":{"start":{"line":2,"column":2},"end":{"line":4,"column":null}},"1":{"start":{"line":3,"column":4},"end":{"line":3,"column":17}},"2":{"start":{"line":6,"column":2},"end":{"line":12,"column":null}},"3":{"start":{"line":6,"column":15},"end":{"line":6,"column":16}},"4":{"start":{"line":7,"column":4},"end":{"line":11,"column":null}},"5":{"start":{"line":7,"column":17},"end":{"line":7,"column":18}},"6":{"start":{"line":8,"column":6},"end":{"line":10,"column":null}},"7":{"start":{"line":9,"column":8},"end":{"line":9,"column":21}},"8":{"start":{"line":13,"column":2},"end":{"line":13,"column":14}},"9":{"start":{"line":1,"column":0},"end":{"line":1,"column":16}}},"fnMap":{"0":{"name":"checkSolved","decl":{"start":{"line":1,"column":16},"end":{"line":1,"column":27}},"loc":{"start":{"line":1,"column":62},"end":{"line":14,"column":1}}}},"branchMap":{"0":{"loc":{"start":{"line":2,"column":2},"end":{"line":4,"column":null}},"type":"if","locations":[{"start":{"line":2,"column":2},"end":{"line":4,"column":null}}]},"1":{"loc":{"start":{"line":2,"column":6},"end":{"line":2,"column":54}},"type":"binary-expr","locations":[{"start":{"line":2,"column":6},"end":{"line":2,"column":24}},{"start":{"line":2,"column":28},"end":{"line":2,"column":54}}]},"2":{"loc":{"start":{"line":8,"column":6},"end":{"line":10,"column":null}},"type":"if","locations":[{"start":{"line":8,"column":6},"end":{"line":10,"column":null}}]}},"s":{"0":4,"1":1,"2":3,"3":3,"4":11,"5":11,"6":83,"7":2,"8":1,"9":2},"f":{"0":4},"b":{"0":[1],"1":[4,3],"2":[2]}}
,"/home/datsfilipe/www/s/github.com/datsfilipe/sudoku/src/utils/fillBoard.ts": {"path":"/home/datsfilipe/www/s/github.com/datsfilipe/sudoku/src/utils/fillBoard.ts","statementMap":{"0":{"start":{"line":1,"column":0},"end":{"line":1,"column":35}},"1":{"start":{"line":2,"column":0},"end":{"line":2,"column":35}},"2":{"start":{"line":5,"column":2},"end":{"line":7,"column":null}},"3":{"start":{"line":6,"column":4},"end":{"line":6,"column":16}},"4":{"start":{"line":9,"column":16},"end":{"line":9,"column":19}},"5":{"start":{"line":10,"column":16},"end":{"line":10,"column":23}},"6":{"start":{"line":11,"column":2},"end":{"line":14,"column":null}},"7":{"start":{"line":12,"column":4},"end":{"line":12,"column":17}},"8":{"start":{"line":13,"column":4},"end":{"line":13,"column":16}},"9":{"start":{"line":16,"column":18},"end":{"line":16,"column":54}},"10":{"start":{"line":17,"column":2},"end":{"line":24,"column":null}},"11":{"start":{"line":18,"column":4},"end":{"line":23,"column":null}},"12":{"start":{"line":19,"column":6},"end":{"line":19,"column":28}},"13":{"start":{"line":20,"column":6},"end":{"line":22,"column":null}},"14":{"start":{"line":21,"column":8},"end":{"line":21,"column":20}},"15":{"start":{"line":26,"column":2},"end":{"line":26,"column":22}},"16":{"start":{"line":27,"column":2},"end":{"line":27,"column":15}},"17":{"start":{"line":4,"column":0},"end":{"line":4,"column":16}}},"fnMap":{"0":{"name":"fillBoard","decl":{"start":{"line":4,"column":16},"end":{"line":4,"column":25}},"loc":{"start":{"line":4,"column":64},"end":{"line":28,"column":1}}}},"branchMap":{"0":{"loc":{"start":{"line":5,"column":2},"end":{"line":7,"column":null}},"type":"if","locations":[{"start":{"line":5,"column":2},"end":{"line":7,"column":null}}]},"1":{"loc":{"start":{"line":11,"column":2},"end":{"line":14,"column":null}},"type":"if","locations":[{"start":{"line":11,"column":2},"end":{"line":14,"column":null}}]},"2":{"loc":{"start":{"line":18,"column":4},"end":{"line":23,"column":null}},"type":"if","locations":[{"start":{"line":18,"column":4},"end":{"line":23,"column":null}}]},"3":{"loc":{"start":{"line":20,"column":6},"end":{"line":22,"column":null}},"type":"if","locations":[{"start":{"line":20,"column":6},"end":{"line":22,"column":null}}]}},"s":{"0":2,"1":2,"2":26736,"3":35,"4":26701,"5":26701,"6":26701,"7":2000,"8":2000,"9":26701,"10":26701,"11":234017,"12":26648,"13":26648,"14":1363,"15":25338,"16":25338,"17":2},"f":{"0":26736},"b":{"0":[35],"1":[2000],"2":[26648],"3":[1363]}}
,"/home/datsfilipe/www/s/github.com/datsfilipe/sudoku/src/utils/generateBoard.ts": {"path":"/home/datsfilipe/www/s/github.com/datsfilipe/sudoku/src/utils/generateBoard.ts","statementMap":{"0":{"start":{"line":1,"column":0},"end":{"line":1,"column":39}},"1":{"start":{"line":4,"column":23},"end":{"line":4,"column":25}},"2":{"start":{"line":6,"column":2},"end":{"line":11,"column":null}},"3":{"start":{"line":6,"column":15},"end":{"line":6,"column":16}},"4":{"start":{"line":7,"column":4},"end":{"line":7,"column":18}},"5":{"start":{"line":8,"column":4},"end":{"line":10,"column":null}},"6":{"start":{"line":8,"column":17},"end":{"line":8,"column":18}},"7":{"start":{"line":9,"column":6},"end":{"line":9,"column":22}},"8":{"start":{"line":13,"column":2},"end":{"line":13,"column":25}},"9":{"start":{"line":15,"column":2},"end":{"line":15,"column":15}},"10":{"start":{"line":3,"column":0},"end":{"line":3,"column":16}}},"fnMap":{"0":{"name":"generateSudokuBoard","decl":{"start":{"line":3,"column":16},"end":{"line":3,"column":35}},"loc":{"start":{"line":3,"column":35},"end":{"line":16,"column":1}}}},"branchMap":{},"s":{"0":2,"1":7,"2":7,"3":7,"4":63,"5":63,"6":63,"7":567,"8":7,"9":7,"10":2},"f":{"0":7},"b":{}}
,"/home/datsfilipe/www/s/github.com/datsfilipe/sudoku/src/utils/isValid.ts": {"path":"/home/datsfilipe/www/s/github.com/datsfilipe/sudoku/src/utils/isValid.ts","statementMap":{"0":{"start":{"line":2,"column":2},"end":{"line":6,"column":null}},"1":{"start":{"line":2,"column":15},"end":{"line":2,"column":16}},"2":{"start":{"line":3,"column":4},"end":{"line":5,"column":null}},"3":{"start":{"line":4,"column":6},"end":{"line":4,"column":19}},"4":{"start":{"line":8,"column":2},"end":{"line":12,"column":null}},"5":{"start":{"line":8,"column":15},"end":{"line":8,"column":16}},"6":{"start":{"line":9,"column":4},"end":{"line":11,"column":null}},"7":{"start":{"line":10,"column":6},"end":{"line":10,"column":19}},"8":{"start":{"line":14,"column":19},"end":{"line":14,"column":42}},"9":{"start":{"line":15,"column":19},"end":{"line":15,"column":42}},"10":{"start":{"line":16,"column":2},"end":{"line":22,"column":null}},"11":{"start":{"line":16,"column":15},"end":{"line":16,"column":23}},"12":{"start":{"line":17,"column":4},"end":{"line":21,"column":null}},"13":{"start":{"line":17,"column":17},"end":{"line":17,"column":25}},"14":{"start":{"line":18,"column":6},"end":{"line":20,"column":null}},"15":{"start":{"line":19,"column":8},"end":{"line":19,"column":21}},"16":{"start":{"line":24,"column":2},"end":{"line":24,"column":14}},"17":{"start":{"line":1,"column":0},"end":{"line":1,"column":16}}},"fnMap":{"0":{"name":"isValid","decl":{"start":{"line":1,"column":16},"end":{"line":1,"column":23}},"loc":{"start":{"line":1,"column":75},"end":{"line":25,"column":1}}}},"branchMap":{"0":{"loc":{"start":{"line":3,"column":4},"end":{"line":5,"column":null}},"type":"if","locations":[{"start":{"line":3,"column":4},"end":{"line":5,"column":null}}]},"1":{"loc":{"start":{"line":9,"column":4},"end":{"line":11,"column":null}},"type":"if","locations":[{"start":{"line":9,"column":4},"end":{"line":11,"column":null}}]},"2":{"loc":{"start":{"line":18,"column":6},"end":{"line":20,"column":null}},"type":"if","locations":[{"start":{"line":18,"column":6},"end":{"line":20,"column":null}}]}},"s":{"0":234019,"1":234019,"2":1369553,"3":140729,"4":93290,"5":93290,"6":652972,"7":55689,"8":37601,"9":37601,"10":37601,"11":37601,"12":101938,"13":101938,"14":295197,"15":10952,"16":26649,"17":2},"f":{"0":234019},"b":{"0":[140729],"1":[55689],"2":[10952]}}
,"/home/datsfilipe/www/s/github.com/datsfilipe/sudoku/src/utils/nullifyValues.ts": {"path":"/home/datsfilipe/www/s/github.com/datsfilipe/sudoku/src/utils/nullifyValues.ts","statementMap":{"0":{"start":{"line":1,"column":29},"end":{"line":12,"column":1}},"1":{"start":{"line":2,"column":25},"end":{"line":2,"column":27}},"2":{"start":{"line":3,"column":23},"end":{"line":3,"column":24}},"3":{"start":{"line":4,"column":2},"end":{"line":11,"column":null}},"4":{"start":{"line":5,"column":16},"end":{"line":5,"column":45}},"5":{"start":{"line":6,"column":16},"end":{"line":6,"column":45}},"6":{"start":{"line":7,"column":4},"end":{"line":10,"column":null}},"7":{"start":{"line":8,"column":6},"end":{"line":8,"column":26}},"8":{"start":{"line":9,"column":6},"end":{"line":9,"column":23}},"9":{"start":{"line":1,"column":13},"end":{"line":1,"column":29}}},"fnMap":{"0":{"name":"(anonymous_0)","decl":{"start":{"line":1,"column":29},"end":{"line":1,"column":30}},"loc":{"start":{"line":1,"column":46},"end":{"line":12,"column":1}}}},"branchMap":{"0":{"loc":{"start":{"line":7,"column":4},"end":{"line":10,"column":null}},"type":"if","locations":[{"start":{"line":7,"column":4},"end":{"line":10,"column":null}}]}},"s":{"0":2,"1":2,"2":2,"3":2,"4":108,"5":108,"6":108,"7":80,"8":80,"9":2},"f":{"0":2},"b":{"0":[80]}}
,"/home/datsfilipe/www/s/github.com/datsfilipe/sudoku/src/utils/shuffle.ts": {"path":"/home/datsfilipe/www/s/github.com/datsfilipe/sudoku/src/utils/shuffle.ts","statementMap":{"0":{"start":{"line":2,"column":2},"end":{"line":5,"column":null}},"1":{"start":{"line":2,"column":15},"end":{"line":2,"column":31}},"2":{"start":{"line":3,"column":14},"end":{"line":3,"column":49}},"3":{"start":{"line":4,"column":4},"end":{"line":4,"column":48}},"4":{"start":{"line":6,"column":2},"end":{"line":6,"column":15}},"5":{"start":{"line":1,"column":0},"end":{"line":1,"column":16}}},"fnMap":{"0":{"name":"shuffle","decl":{"start":{"line":1,"column":16},"end":{"line":1,"column":23}},"loc":{"start":{"line":1,"column":39},"end":{"line":7,"column":1}}}},"branchMap":{},"s":{"0":26702,"1":26702,"2":213612,"3":213612,"4":26702,"5":2},"f":{"0":26702},"b":{}}
}
