TN:
SF:src/App.tsx
FN:7,App
FN:11,(anonymous_2)
FN:13,(anonymous_3)
FN:29,(anonymous_4)
FN:31,(anonymous_5)
FN:39,(anonymous_6)
FNF:6
FNH:5
FNDA:2,App
FNDA:1,(anonymous_2)
FNDA:1,(anonymous_3)
FNDA:9,(anonymous_4)
FNDA:81,(anonymous_5)
FNDA:0,(anonymous_6)
DA:1,1
DA:2,1
DA:3,1
DA:4,1
DA:5,1
DA:8,2
DA:9,2
DA:11,2
DA:12,1
DA:14,1
DA:15,1
DA:16,1
DA:22,2
DA:23,0
DA:30,9
DA:32,81
DA:40,0
DA:41,0
DA:42,0
DA:54,1
LF:20
LH:16
BRDA:22,0,0,0
BRDA:38,1,0,40
BRDA:38,1,1,41
BRF:3
BRH:2
end_of_record
TN:
SF:src/utils/checkSolved.ts
FN:1,checkSolved
FNF:1
FNH:1
FNDA:4,checkSolved
DA:1,4
DA:2,4
DA:3,1
DA:6,3
DA:7,11
DA:8,85
DA:9,2
DA:13,1
LF:8
LH:8
BRDA:2,0,0,1
BRDA:2,1,0,4
BRDA:2,1,1,3
BRDA:8,2,0,2
BRF:4
BRH:4
end_of_record
TN:
SF:src/utils/fillBoard.ts
FN:4,fillBoard
FNF:1
FNH:1
FNDA:48149,fillBoard
DA:1,2
DA:2,2
DA:4,88
DA:5,48149
DA:6,34
DA:9,48115
DA:10,48115
DA:11,48115
DA:12,3261
DA:13,3261
DA:16,48115
DA:17,48115
DA:18,426656
DA:19,48061
DA:20,48061
DA:21,1400
DA:26,46715
DA:27,46715
LF:18
LH:18
BRDA:5,0,0,34
BRDA:11,1,0,3261
BRDA:18,2,0,48061
BRDA:20,3,0,1400
BRF:4
BRH:4
end_of_record
TN:
SF:src/utils/generateBoard.ts
FN:3,generateSudokuBoard
FNF:1
FNH:1
FNDA:7,generateSudokuBoard
DA:1,2
DA:3,7
DA:4,7
DA:6,7
DA:7,63
DA:8,63
DA:9,567
DA:13,7
DA:15,7
LF:9
LH:9
BRF:0
BRH:0
end_of_record
TN:
SF:src/utils/isValid.ts
FN:1,isValid
FNF:1
FNH:1
FNDA:426658,isValid
DA:1,426658
DA:2,426658
DA:3,2496827
DA:4,249160
DA:8,177498
DA:9,1242701
DA:10,107331
DA:14,70167
DA:15,70167
DA:16,70167
DA:17,189036
DA:18,546764
DA:19,22105
DA:24,48062
LF:14
LH:14
BRDA:3,0,0,249160
BRDA:9,1,0,107331
BRDA:18,2,0,22105
BRF:3
BRH:3
end_of_record
TN:
SF:src/utils/nullifyValues.ts
FN:1,(anonymous_1)
FNF:1
FNH:1
FNDA:2,(anonymous_1)
DA:1,2
DA:2,2
DA:3,2
DA:4,2
DA:5,126
DA:6,126
DA:7,126
DA:8,80
DA:9,80
LF:9
LH:9
BRDA:7,0,0,80
BRF:1
BRH:1
end_of_record
TN:
SF:src/utils/shuffle.ts
FN:1,shuffle
FNF:1
FNH:1
FNDA:48116,shuffle
DA:1,48116
DA:2,48116
DA:3,384924
DA:4,384924
DA:6,48116
LF:5
LH:5
BRF:0
BRH:0
end_of_record
