TN:
SF:src/App.tsx
FN:7,App
FN:11,(anonymous_1)
FN:13,(anonymous_2)
FN:29,(anonymous_3)
FN:31,(anonymous_4)
FN:39,(anonymous_5)
FNF:6
FNH:5
FNDA:2,App
FNDA:1,(anonymous_1)
FNDA:1,(anonymous_2)
FNDA:9,(anonymous_3)
FNDA:81,(anonymous_4)
FNDA:0,(anonymous_5)
DA:1,1
DA:2,1
DA:3,1
DA:4,1
DA:5,1
DA:8,2
DA:9,2
DA:11,2
DA:12,1
DA:14,1
DA:15,1
DA:16,1
DA:22,2
DA:23,0
DA:26,2
DA:30,9
DA:32,81
DA:40,0
DA:41,0
DA:42,0
DA:54,1
LF:21
LH:17
BRDA:22,0,0,0
BRDA:38,1,0,40
BRDA:38,1,1,41
BRF:3
BRH:2
end_of_record
TN:
SF:src/utils/checkSolved.ts
FN:1,checkSolved
FNF:1
FNH:1
FNDA:4,checkSolved
DA:1,2
DA:2,4
DA:3,1
DA:6,3
DA:7,11
DA:8,83
DA:9,2
DA:13,1
LF:8
LH:8
BRDA:2,0,0,1
BRDA:2,1,0,4
BRDA:2,1,1,3
BRDA:8,2,0,2
BRF:4
BRH:4
end_of_record
TN:
SF:src/utils/fillBoard.ts
FN:4,fillBoard
FNF:1
FNH:1
FNDA:26736,fillBoard
DA:1,2
DA:2,2
DA:4,2
DA:5,26736
DA:6,35
DA:9,26701
DA:10,26701
DA:11,26701
DA:12,2000
DA:13,2000
DA:16,26701
DA:17,26701
DA:18,234017
DA:19,26648
DA:20,26648
DA:21,1363
DA:26,25338
DA:27,25338
LF:18
LH:18
BRDA:5,0,0,35
BRDA:11,1,0,2000
BRDA:18,2,0,26648
BRDA:20,3,0,1363
BRF:4
BRH:4
end_of_record
TN:
SF:src/utils/generateBoard.ts
FN:3,generateSudokuBoard
FNF:1
FNH:1
FNDA:7,generateSudokuBoard
DA:1,2
DA:3,2
DA:4,7
DA:6,7
DA:7,63
DA:8,63
DA:9,567
DA:13,7
DA:15,7
LF:9
LH:9
BRF:0
BRH:0
end_of_record
TN:
SF:src/utils/isValid.ts
FN:1,isValid
FNF:1
FNH:1
FNDA:234019,isValid
DA:1,2
DA:2,234019
DA:3,1369553
DA:4,140729
DA:8,93290
DA:9,652972
DA:10,55689
DA:14,37601
DA:15,37601
DA:16,37601
DA:17,101938
DA:18,295197
DA:19,10952
DA:24,26649
LF:14
LH:14
BRDA:3,0,0,140729
BRDA:9,1,0,55689
BRDA:18,2,0,10952
BRF:3
BRH:3
end_of_record
TN:
SF:src/utils/nullifyValues.ts
FN:1,(anonymous_0)
FNF:1
FNH:1
FNDA:2,(anonymous_0)
DA:1,2
DA:2,2
DA:3,2
DA:4,2
DA:5,108
DA:6,108
DA:7,108
DA:8,80
DA:9,80
LF:9
LH:9
BRDA:7,0,0,80
BRF:1
BRH:1
end_of_record
TN:
SF:src/utils/shuffle.ts
FN:1,shuffle
FNF:1
FNH:1
FNDA:26702,shuffle
DA:1,2
DA:2,26702
DA:3,213612
DA:4,213612
DA:6,26702
LF:5
LH:5
BRF:0
BRH:0
end_of_record
